01:21:29.888 [main] INFO  testcases.TC_001_AccountRegistration- Finished Starting TC_001_AccountRegistration 
01:21:34.716 [main] INFO  testcases.TC_002_Login- **** TC_002_Login   ***********
01:21:41.157 [main] DEBUG org.apache.poi.openxml4j.opc.PackageRelationshipCollection- Parsing relationship: /xl/_rels/workbook.xml.rels
01:21:41.159 [main] DEBUG org.apache.poi.openxml4j.opc.PackageRelationshipCollection- Parsing relationship: /xl/worksheets/_rels/sheet1.xml.rels
01:21:41.160 [main] DEBUG org.apache.poi.openxml4j.opc.PackageRelationshipCollection- Parsing relationship: /_rels/.rels
01:21:41.470 [main] DEBUG org.apache.poi.ooxml.POIXMLFactory- using default POIXMLDocumentPart for http://schemas.openxmlformats.org/officeDocument/2006/relationships/printerSettings
01:21:41.587 [main] DEBUG org.apache.poi.openxml4j.opc.PackageRelationshipCollection- Parsing relationship: /xl/_rels/workbook.xml.rels
01:21:41.588 [main] DEBUG org.apache.poi.openxml4j.opc.PackageRelationshipCollection- Parsing relationship: /xl/worksheets/_rels/sheet1.xml.rels
01:21:41.588 [main] DEBUG org.apache.poi.openxml4j.opc.PackageRelationshipCollection- Parsing relationship: /_rels/.rels
01:21:41.598 [main] DEBUG org.apache.poi.ooxml.POIXMLFactory- using default POIXMLDocumentPart for http://schemas.openxmlformats.org/officeDocument/2006/relationships/printerSettings
01:21:41.606 [main] DEBUG org.apache.poi.openxml4j.opc.PackageRelationshipCollection- Parsing relationship: /xl/_rels/workbook.xml.rels
01:21:41.606 [main] DEBUG org.apache.poi.openxml4j.opc.PackageRelationshipCollection- Parsing relationship: /xl/worksheets/_rels/sheet1.xml.rels
01:21:41.607 [main] DEBUG org.apache.poi.openxml4j.opc.PackageRelationshipCollection- Parsing relationship: /_rels/.rels
01:21:41.614 [main] DEBUG org.apache.poi.ooxml.POIXMLFactory- using default POIXMLDocumentPart for http://schemas.openxmlformats.org/officeDocument/2006/relationships/printerSettings
01:21:41.631 [main] DEBUG org.apache.poi.openxml4j.opc.PackageRelationshipCollection- Parsing relationship: /xl/_rels/workbook.xml.rels
01:21:41.631 [main] DEBUG org.apache.poi.openxml4j.opc.PackageRelationshipCollection- Parsing relationship: /xl/worksheets/_rels/sheet1.xml.rels
01:21:41.632 [main] DEBUG org.apache.poi.openxml4j.opc.PackageRelationshipCollection- Parsing relationship: /_rels/.rels
01:21:41.638 [main] DEBUG org.apache.poi.ooxml.POIXMLFactory- using default POIXMLDocumentPart for http://schemas.openxmlformats.org/officeDocument/2006/relationships/printerSettings
01:21:41.646 [main] DEBUG org.apache.poi.openxml4j.opc.PackageRelationshipCollection- Parsing relationship: /xl/_rels/workbook.xml.rels
01:21:41.646 [main] DEBUG org.apache.poi.openxml4j.opc.PackageRelationshipCollection- Parsing relationship: /xl/worksheets/_rels/sheet1.xml.rels
01:21:41.647 [main] DEBUG org.apache.poi.openxml4j.opc.PackageRelationshipCollection- Parsing relationship: /_rels/.rels
01:21:41.653 [main] DEBUG org.apache.poi.ooxml.POIXMLFactory- using default POIXMLDocumentPart for http://schemas.openxmlformats.org/officeDocument/2006/relationships/printerSettings
01:21:41.660 [main] DEBUG org.apache.poi.openxml4j.opc.PackageRelationshipCollection- Parsing relationship: /xl/_rels/workbook.xml.rels
01:21:41.660 [main] DEBUG org.apache.poi.openxml4j.opc.PackageRelationshipCollection- Parsing relationship: /xl/worksheets/_rels/sheet1.xml.rels
01:21:41.661 [main] DEBUG org.apache.poi.openxml4j.opc.PackageRelationshipCollection- Parsing relationship: /_rels/.rels
01:21:41.667 [main] DEBUG org.apache.poi.ooxml.POIXMLFactory- using default POIXMLDocumentPart for http://schemas.openxmlformats.org/officeDocument/2006/relationships/printerSettings
01:21:41.674 [main] DEBUG org.apache.poi.openxml4j.opc.PackageRelationshipCollection- Parsing relationship: /xl/_rels/workbook.xml.rels
01:21:41.674 [main] DEBUG org.apache.poi.openxml4j.opc.PackageRelationshipCollection- Parsing relationship: /xl/worksheets/_rels/sheet1.xml.rels
01:21:41.675 [main] DEBUG org.apache.poi.openxml4j.opc.PackageRelationshipCollection- Parsing relationship: /_rels/.rels
01:21:41.680 [main] DEBUG org.apache.poi.ooxml.POIXMLFactory- using default POIXMLDocumentPart for http://schemas.openxmlformats.org/officeDocument/2006/relationships/printerSettings
01:21:41.689 [main] DEBUG org.apache.poi.openxml4j.opc.PackageRelationshipCollection- Parsing relationship: /xl/_rels/workbook.xml.rels
01:21:41.690 [main] DEBUG org.apache.poi.openxml4j.opc.PackageRelationshipCollection- Parsing relationship: /xl/worksheets/_rels/sheet1.xml.rels
01:21:41.690 [main] DEBUG org.apache.poi.openxml4j.opc.PackageRelationshipCollection- Parsing relationship: /_rels/.rels
01:21:41.695 [main] DEBUG org.apache.poi.ooxml.POIXMLFactory- using default POIXMLDocumentPart for http://schemas.openxmlformats.org/officeDocument/2006/relationships/printerSettings
01:21:41.702 [main] DEBUG org.apache.poi.openxml4j.opc.PackageRelationshipCollection- Parsing relationship: /xl/_rels/workbook.xml.rels
