15:18:52.766 [main] INFO  testcases.TC_001_AccountRegistration- clicked on My Account link
15:18:56.495 [main] INFO  testcases.TC_001_AccountRegistration- clicked on register link
15:18:59.511 [main] INFO  testcases.TC_001_AccountRegistration- providing customer details
15:19:00.747 [main] INFO  testcases.TC_001_AccountRegistration- Validating expected message
15:19:00.787 [main] INFO  testcases.TC_001_AccountRegistration- Finished Starting TC_001_AccountRegistration 
15:19:06.431 [main] INFO  testcases.TC_002_Login- **** TC_002_Login   ***********
23:37:42.275 [main] DEBUG org.apache.poi.openxml4j.opc.PackageRelationshipCollection- Parsing relationship: /xl/_rels/workbook.xml.rels
23:37:42.281 [main] DEBUG org.apache.poi.openxml4j.opc.PackageRelationshipCollection- Parsing relationship: /xl/worksheets/_rels/sheet1.xml.rels
23:37:42.282 [main] DEBUG org.apache.poi.openxml4j.opc.PackageRelationshipCollection- Parsing relationship: /_rels/.rels
23:37:42.695 [main] DEBUG org.apache.poi.ooxml.POIXMLFactory- using default POIXMLDocumentPart for http://schemas.openxmlformats.org/officeDocument/2006/relationships/printerSettings
23:37:42.799 [main] DEBUG org.apache.poi.openxml4j.opc.PackageRelationshipCollection- Parsing relationship: /xl/_rels/workbook.xml.rels
23:37:42.800 [main] DEBUG org.apache.poi.openxml4j.opc.PackageRelationshipCollection- Parsing relationship: /xl/worksheets/_rels/sheet1.xml.rels
23:37:42.800 [main] DEBUG org.apache.poi.openxml4j.opc.PackageRelationshipCollection- Parsing relationship: /_rels/.rels
23:37:42.809 [main] DEBUG org.apache.poi.ooxml.POIXMLFactory- using default POIXMLDocumentPart for http://schemas.openxmlformats.org/officeDocument/2006/relationships/printerSettings
23:37:42.818 [main] DEBUG org.apache.poi.openxml4j.opc.PackageRelationshipCollection- Parsing relationship: /xl/_rels/workbook.xml.rels
23:37:42.819 [main] DEBUG org.apache.poi.openxml4j.opc.PackageRelationshipCollection- Parsing relationship: /xl/worksheets/_rels/sheet1.xml.rels
23:37:42.820 [main] DEBUG org.apache.poi.openxml4j.opc.PackageRelationshipCollection- Parsing relationship: /_rels/.rels
23:37:42.828 [main] DEBUG org.apache.poi.ooxml.POIXMLFactory- using default POIXMLDocumentPart for http://schemas.openxmlformats.org/officeDocument/2006/relationships/printerSettings
23:37:42.849 [main] DEBUG org.apache.poi.openxml4j.opc.PackageRelationshipCollection- Parsing relationship: /xl/_rels/workbook.xml.rels
23:37:42.849 [main] DEBUG org.apache.poi.openxml4j.opc.PackageRelationshipCollection- Parsing relationship: /xl/worksheets/_rels/sheet1.xml.rels
23:37:42.850 [main] DEBUG org.apache.poi.openxml4j.opc.PackageRelationshipCollection- Parsing relationship: /_rels/.rels
23:37:42.857 [main] DEBUG org.apache.poi.ooxml.POIXMLFactory- using default POIXMLDocumentPart for http://schemas.openxmlformats.org/officeDocument/2006/relationships/printerSettings
23:37:42.866 [main] DEBUG org.apache.poi.openxml4j.opc.PackageRelationshipCollection- Parsing relationship: /xl/_rels/workbook.xml.rels
23:37:42.867 [main] DEBUG org.apache.poi.openxml4j.opc.PackageRelationshipCollection- Parsing relationship: /xl/worksheets/_rels/sheet1.xml.rels
23:37:42.867 [main] DEBUG org.apache.poi.openxml4j.opc.PackageRelationshipCollection- Parsing relationship: /_rels/.rels
23:37:42.880 [main] DEBUG org.apache.poi.ooxml.POIXMLFactory- using default POIXMLDocumentPart for http://schemas.openxmlformats.org/officeDocument/2006/relationships/printerSettings
23:37:42.888 [main] DEBUG org.apache.poi.openxml4j.opc.PackageRelationshipCollection- Parsing relationship: /xl/_rels/workbook.xml.rels
23:37:42.889 [main] DEBUG org.apache.poi.openxml4j.opc.PackageRelationshipCollection- Parsing relationship: /xl/worksheets/_rels/sheet1.xml.rels
23:37:42.889 [main] DEBUG org.apache.poi.openxml4j.opc.PackageRelationshipCollection- Parsing relationship: /_rels/.rels
23:37:42.896 [main] DEBUG org.apache.poi.ooxml.POIXMLFactory- using default POIXMLDocumentPart for http://schemas.openxmlformats.org/officeDocument/2006/relationships/printerSettings
23:37:42.907 [main] DEBUG org.apache.poi.openxml4j.opc.PackageRelationshipCollection- Parsing relationship: /xl/_rels/workbook.xml.rels
23:37:42.908 [main] DEBUG org.apache.poi.openxml4j.opc.PackageRelationshipCollection- Parsing relationship: /xl/worksheets/_rels/sheet1.xml.rels
23:37:42.908 [main] DEBUG org.apache.poi.openxml4j.opc.PackageRelationshipCollection- Parsing relationship: /_rels/.rels
23:37:42.914 [main] DEBUG org.apache.poi.ooxml.POIXMLFactory- using default POIXMLDocumentPart for http://schemas.openxmlformats.org/officeDocument/2006/relationships/printerSettings
23:37:42.922 [main] DEBUG org.apache.poi.openxml4j.opc.PackageRelationshipCollection- Parsing relationship: /xl/_rels/workbook.xml.rels
23:37:42.922 [main] DEBUG org.apache.poi.openxml4j.opc.PackageRelationshipCollection- Parsing relationship: /xl/worksheets/_rels/sheet1.xml.rels
23:37:42.923 [main] DEBUG org.apache.poi.openxml4j.opc.PackageRelationshipCollection- Parsing relationship: /_rels/.rels
